2020-03-02 15:25:27,193 [INFO] Activator:176 - 


2020-03-02 15:25:27,197 [INFO] Activator:177 - !SESSION log4j initialized
2020-03-02 15:27:11,211 [INFO] ApplicationProperties:181 - Using Application install path: C:\ST\STM32CubeIDE_1.2.0\STM32CubeIDE\plugins\com.st.stm32cube.common.mx_5.5.0.201912201511
2020-03-02 15:27:11,229 [INFO] DbMcusXml:69 - Set database path to: C:\ST\STM32CubeIDE_1.2.0\STM32CubeIDE\plugins\com.st.stm32cube.common.mx_5.5.0.201912201511\\db\/mcu/
2020-03-02 15:27:11,234 [INFO] DbBoardsPdsc:54 - Set plugin database path to: C:\ST\STM32CubeIDE_1.2.0\STM32CubeIDE\plugins\com.st.stm32cube.common.mx_5.5.0.201912201511\\db\/plugins/boardmanager/
2020-03-02 15:27:11,234 [INFO] DbMcus:264 - Set plugin images path to: C:\ST\STM32CubeIDE_1.2.0\STM32CubeIDE\plugins\com.st.stm32cube.common.mx_5.5.0.201912201511\\db\/plugins/mcufinder/images/
2020-03-02 15:27:11,234 [INFO] DbBoards:232 - Set plugin images path to: C:\ST\STM32CubeIDE_1.2.0\STM32CubeIDE\plugins\com.st.stm32cube.common.mx_5.5.0.201912201511\\db\/plugins/mcufinder/images/
2020-03-02 15:27:11,236 [INFO] APIGFXSelector:72 - Set database path to: C:\ST\STM32CubeIDE_1.2.0\STM32CubeIDE\plugins\com.st.stm32cube.common.mx_5.5.0.201912201511\\db\/plugins/mcufinder/mcu/
2020-03-02 15:27:11,483 [INFO] DbMcusAds:72 - Set database path to: C:\Users\yangz\.stmcufinder\plugins\mcufinder//mcu/
2020-03-02 15:27:11,484 [INFO] DbMcusDocs:92 - Set database path to: C:\Users\yangz\.stmcufinder\plugins\mcufinder//mcu/
2020-03-02 15:27:11,486 [INFO] DbMcusJson:59 - Set database path to: C:\Users\yangz\.stmcufinder\plugins\mcufinder//mcu/
2020-03-02 15:27:11,487 [INFO] DbBoardsDocs:84 - Set database path to: C:\Users\yangz\.stmcufinder\plugins\mcufinder//mcu/
2020-03-02 15:27:11,488 [INFO] DbBoardsJson:51 - Set database path to: C:\Users\yangz\.stmcufinder\plugins\mcufinder//mcu/
2020-03-02 15:27:11,497 [INFO] CrossReferenceDbSqlite:197 - Set database path to: C:\Users\yangz\.stmcufinder\plugins\mcufinder//mcu/cs/
2020-03-02 15:27:11,602 [INFO] RulesReader:52 - Compatibility file has been processed (205 Rules)
2020-03-02 15:27:11,740 [INFO] MicroXplorer:570 - Detected Java Version = 1.8.0_202
2020-03-02 15:27:11,740 [INFO] DbMcusXml:69 - Set database path to: C:\ST\STM32CubeIDE_1.2.0\STM32CubeIDE\plugins\com.st.stm32cube.common.mx_5.5.0.201912201511\\db\/mcu/
2020-03-02 15:27:11,741 [INFO] DbBoardsPdsc:54 - Set plugin database path to: C:\ST\STM32CubeIDE_1.2.0\STM32CubeIDE\plugins\com.st.stm32cube.common.mx_5.5.0.201912201511\\db\/plugins/boardmanager/
2020-03-02 15:27:11,742 [INFO] DbMcus:264 - Set plugin images path to: C:\ST\STM32CubeIDE_1.2.0\STM32CubeIDE\plugins\com.st.stm32cube.common.mx_5.5.0.201912201511\\db\/plugins/mcufinder/images/
2020-03-02 15:27:11,742 [INFO] DbBoards:232 - Set plugin images path to: C:\ST\STM32CubeIDE_1.2.0\STM32CubeIDE\plugins\com.st.stm32cube.common.mx_5.5.0.201912201511\\db\/plugins/mcufinder/images/
2020-03-02 15:27:11,742 [INFO] APIGFXSelector:72 - Set database path to: C:\ST\STM32CubeIDE_1.2.0\STM32CubeIDE\plugins\com.st.stm32cube.common.mx_5.5.0.201912201511\\db\/plugins/mcufinder/mcu/
2020-03-02 15:27:11,742 [WARN] DbFile:31 - Overriding database path with different value: C:\Users\yangz\.stmcufinder\plugins\mcufinder/ => C:\Users\yangz\.stmcufinder\plugins\mcufinder
2020-03-02 15:27:11,743 [INFO] DbMcusAds:72 - Set database path to: C:\Users\yangz\.stmcufinder\plugins\mcufinder//mcu/
2020-03-02 15:27:11,743 [WARN] DbFile:31 - Overriding database path with different value: C:\Users\yangz\.stmcufinder\plugins\mcufinder/ => C:\Users\yangz\.stmcufinder\plugins\mcufinder
2020-03-02 15:27:11,743 [INFO] DbMcusDocs:92 - Set database path to: C:\Users\yangz\.stmcufinder\plugins\mcufinder//mcu/
2020-03-02 15:27:11,743 [WARN] DbFile:31 - Overriding database path with different value: C:\Users\yangz\.stmcufinder\plugins\mcufinder/ => C:\Users\yangz\.stmcufinder\plugins\mcufinder
2020-03-02 15:27:11,743 [INFO] DbMcusJson:59 - Set database path to: C:\Users\yangz\.stmcufinder\plugins\mcufinder//mcu/
2020-03-02 15:27:11,743 [WARN] DbFile:31 - Overriding database path with different value: C:\Users\yangz\.stmcufinder\plugins\mcufinder/ => C:\Users\yangz\.stmcufinder\plugins\mcufinder
2020-03-02 15:27:11,744 [INFO] DbBoardsDocs:84 - Set database path to: C:\Users\yangz\.stmcufinder\plugins\mcufinder//mcu/
2020-03-02 15:27:11,744 [WARN] DbFile:31 - Overriding database path with different value: C:\Users\yangz\.stmcufinder\plugins\mcufinder/ => C:\Users\yangz\.stmcufinder\plugins\mcufinder
2020-03-02 15:27:11,744 [INFO] DbBoardsJson:51 - Set database path to: C:\Users\yangz\.stmcufinder\plugins\mcufinder//mcu/
2020-03-02 15:27:11,744 [WARN] DbFile:31 - Overriding database path with different value: C:\Users\yangz\.stmcufinder\plugins\mcufinder/ => C:\Users\yangz\.stmcufinder\plugins\mcufinder
2020-03-02 15:27:11,744 [WARN] DbFile:31 - Overriding database path with different value: C:\Users\yangz\.stmcufinder\plugins\mcufinder/ => C:\Users\yangz\.stmcufinder\plugins\mcufinder
2020-03-02 15:27:11,744 [INFO] CrossReferenceDbSqlite:197 - Set database path to: C:\Users\yangz\.stmcufinder\plugins\mcufinder//mcu/cs/
2020-03-02 15:27:11,851 [INFO] MainPanel:180 - HeapMemory: 330301440
2020-03-02 15:27:12,008 [INFO] DbMcusXml:69 - Set database path to: C:\ST\STM32CubeIDE_1.2.0\STM32CubeIDE\plugins\com.st.stm32cube.common.mx_5.5.0.201912201511\\db\/mcu/
2020-03-02 15:27:12,008 [INFO] DbBoardsPdsc:54 - Set plugin database path to: C:\ST\STM32CubeIDE_1.2.0\STM32CubeIDE\plugins\com.st.stm32cube.common.mx_5.5.0.201912201511\\db\/plugins/boardmanager/
2020-03-02 15:27:12,008 [INFO] DbMcus:264 - Set plugin images path to: C:\ST\STM32CubeIDE_1.2.0\STM32CubeIDE\plugins\com.st.stm32cube.common.mx_5.5.0.201912201511\\db\/plugins/mcufinder/images/
2020-03-02 15:27:12,009 [INFO] DbBoards:232 - Set plugin images path to: C:\ST\STM32CubeIDE_1.2.0\STM32CubeIDE\plugins\com.st.stm32cube.common.mx_5.5.0.201912201511\\db\/plugins/mcufinder/images/
2020-03-02 15:27:12,009 [INFO] APIGFXSelector:72 - Set database path to: C:\ST\STM32CubeIDE_1.2.0\STM32CubeIDE\plugins\com.st.stm32cube.common.mx_5.5.0.201912201511\\db\/plugins/mcufinder/mcu/
2020-03-02 15:27:12,010 [WARN] DbFile:31 - Overriding database path with different value: C:\Users\yangz\.stmcufinder\plugins\mcufinder/ => C:\Users\yangz\.stmcufinder\plugins\mcufinder
2020-03-02 15:27:12,010 [INFO] DbMcusAds:72 - Set database path to: C:\Users\yangz\.stmcufinder\plugins\mcufinder//mcu/
2020-03-02 15:27:12,010 [WARN] DbFile:31 - Overriding database path with different value: C:\Users\yangz\.stmcufinder\plugins\mcufinder/ => C:\Users\yangz\.stmcufinder\plugins\mcufinder
2020-03-02 15:27:12,010 [INFO] DbMcusDocs:92 - Set database path to: C:\Users\yangz\.stmcufinder\plugins\mcufinder//mcu/
2020-03-02 15:27:12,010 [WARN] DbFile:31 - Overriding database path with different value: C:\Users\yangz\.stmcufinder\plugins\mcufinder/ => C:\Users\yangz\.stmcufinder\plugins\mcufinder
2020-03-02 15:27:12,011 [INFO] DbMcusJson:59 - Set database path to: C:\Users\yangz\.stmcufinder\plugins\mcufinder//mcu/
2020-03-02 15:27:12,011 [WARN] DbFile:31 - Overriding database path with different value: C:\Users\yangz\.stmcufinder\plugins\mcufinder/ => C:\Users\yangz\.stmcufinder\plugins\mcufinder
2020-03-02 15:27:12,011 [INFO] DbBoardsDocs:84 - Set database path to: C:\Users\yangz\.stmcufinder\plugins\mcufinder//mcu/
2020-03-02 15:27:12,011 [WARN] DbFile:31 - Overriding database path with different value: C:\Users\yangz\.stmcufinder\plugins\mcufinder/ => C:\Users\yangz\.stmcufinder\plugins\mcufinder
2020-03-02 15:27:12,011 [INFO] DbBoardsJson:51 - Set database path to: C:\Users\yangz\.stmcufinder\plugins\mcufinder//mcu/
2020-03-02 15:27:12,011 [WARN] DbFile:31 - Overriding database path with different value: C:\Users\yangz\.stmcufinder\plugins\mcufinder/ => C:\Users\yangz\.stmcufinder\plugins\mcufinder
2020-03-02 15:27:12,012 [WARN] DbFile:31 - Overriding database path with different value: C:\Users\yangz\.stmcufinder\plugins\mcufinder/ => C:\Users\yangz\.stmcufinder\plugins\mcufinder
2020-03-02 15:27:12,012 [INFO] CrossReferenceDbSqlite:197 - Set database path to: C:\Users\yangz\.stmcufinder\plugins\mcufinder//mcu/cs/
2020-03-02 15:27:12,042 [INFO] ApplicationProperties:181 - Using Application install path: C:\ST\STM32CubeIDE_1.2.0\STM32CubeIDE\plugins\com.st.stm32cube.common.mx_5.5.0.201912201511
2020-03-02 15:27:12,043 [INFO] PluginManage:178 - Search for loadable plugins [exclusion list=]
2020-03-02 15:27:12,045 [INFO] PluginManage:292 - Check plugin analytics
2020-03-02 15:27:12,064 [INFO] PluginManage:342 - Loaded plugin analytics (category:tool,tabindex:-1)
2020-03-02 15:27:12,064 [INFO] PluginManage:292 - Check plugin clock
2020-03-02 15:27:12,084 [INFO] PluginManage:342 - Loaded plugin clock (category:base,tabindex:2)
2020-03-02 15:27:12,084 [INFO] PluginManage:292 - Check plugin ddr
2020-03-02 15:27:12,087 [INFO] PluginManage:342 - Loaded plugin ddr (category:tool,tabindex:6)
2020-03-02 15:27:12,087 [INFO] PluginManage:292 - Check plugin filemanager
2020-03-02 15:27:12,218 [INFO] PluginManage:342 - Loaded plugin filemanager (category:base,tabindex:10)
2020-03-02 15:27:12,218 [INFO] PluginManage:292 - Check plugin ipmanager
2020-03-02 15:27:12,231 [INFO] PluginManage:342 - Loaded plugin ipmanager (category:base,tabindex:5)
2020-03-02 15:27:12,231 [INFO] PluginManage:292 - Check plugin pinoutandconfiguration
2020-03-02 15:27:12,251 [INFO] PluginManage:342 - Loaded plugin pinoutandconfiguration (category:base,tabindex:1)
2020-03-02 15:27:12,251 [INFO] PluginManage:292 - Check plugin pinoutconfig
2020-03-02 15:27:12,284 [INFO] PluginManage:342 - Loaded plugin pinoutconfig (category:base,tabindex:0)
2020-03-02 15:27:12,284 [INFO] PluginManage:292 - Check plugin power
2020-03-02 15:27:12,307 [INFO] PluginManage:342 - Loaded plugin power (category:power,tabindex:4)
2020-03-02 15:27:12,308 [INFO] PluginManage:292 - Check plugin projectmanager
2020-03-02 15:27:12,322 [INFO] PluginManage:342 - Loaded plugin projectmanager (category:projectmanager,tabindex:3)
2020-03-02 15:27:12,322 [INFO] PluginManage:292 - Check plugin thirdparty
2020-03-02 15:27:12,399 [INFO] ThirdPartyDb:295 - Open Third Party DataBase File (C:/Users/yangz/.stm32cubemx/plugins/thirdparty/db/thirdparties_db.xml) : 27 ms. number of Sw pack : 11
2020-03-02 15:27:12,409 [INFO] PluginManage:342 - Loaded plugin thirdparty (category:base,tabindex:-1)
2020-03-02 15:27:12,409 [INFO] PluginManage:292 - Check plugin tools
2020-03-02 15:27:12,432 [INFO] PluginManage:342 - Loaded plugin tools (category:base,tabindex:7)
2020-03-02 15:27:12,432 [INFO] PluginManage:292 - Check plugin updater
2020-03-02 15:27:12,444 [INFO] PluginManage:342 - Loaded plugin updater (category:base,tabindex:12)
2020-03-02 15:27:12,445 [INFO] PluginManage:265 - PluginManage : Loaded plugins [12]
2020-03-02 15:27:12,708 [INFO] PinOutPanel:1399 - setPackage(No Configuration,No Configuration)
2020-03-02 15:27:12,835 [INFO] IPUIPlugin:65 - create IPUIPlugin
2020-03-02 15:27:12,835 [INFO] PluginManager:200 - loadIPPluginJar : add adc
2020-03-02 15:27:12,861 [INFO] IPUIPlugin:65 - create IPUIPlugin
2020-03-02 15:27:12,862 [INFO] PluginManager:200 - loadIPPluginJar : add aes
2020-03-02 15:27:12,898 [INFO] IPUIPlugin:65 - create IPUIPlugin
2020-03-02 15:27:12,898 [INFO] PluginManager:200 - loadIPPluginJar : add can
2020-03-02 15:27:12,902 [INFO] IPUIPlugin:65 - create IPUIPlugin
2020-03-02 15:27:12,902 [INFO] PluginManager:200 - loadIPPluginJar : add comp
2020-03-02 15:27:12,913 [INFO] IPUIPlugin:65 - create IPUIPlugin
2020-03-02 15:27:12,913 [INFO] PluginManager:200 - loadIPPluginJar : add cryp
2020-03-02 15:27:12,944 [INFO] IPUIPlugin:65 - create IPUIPlugin
2020-03-02 15:27:12,944 [INFO] PluginManager:200 - loadIPPluginJar : add dfsdm
2020-03-02 15:27:12,958 [INFO] IPUIPlugin:65 - create IPUIPlugin
2020-03-02 15:27:12,959 [INFO] PluginManager:200 - loadIPPluginJar : add dma
2020-03-02 15:27:12,976 [INFO] IPUIPlugin:65 - create IPUIPlugin
2020-03-02 15:27:12,976 [INFO] PluginManager:200 - loadIPPluginJar : add fatfs
2020-03-02 15:27:13,023 [INFO] IPUIPlugin:65 - create IPUIPlugin
2020-03-02 15:27:13,023 [INFO] PluginManager:200 - loadIPPluginJar : add fmc
2020-03-02 15:27:13,038 [INFO] IPUIPlugin:65 - create IPUIPlugin
2020-03-02 15:27:13,038 [INFO] PluginManager:200 - loadIPPluginJar : add freertos
2020-03-02 15:27:13,056 [INFO] IPUIPlugin:65 - create IPUIPlugin
2020-03-02 15:27:13,057 [INFO] PluginManager:200 - loadIPPluginJar : add genericplugin
2020-03-02 15:27:13,135 [INFO] IPUIPlugin:65 - create IPUIPlugin
2020-03-02 15:27:13,136 [INFO] PluginManager:200 - loadIPPluginJar : add gfxmmu
2020-03-02 15:27:13,146 [INFO] IPUIPlugin:65 - create IPUIPlugin
2020-03-02 15:27:13,147 [INFO] PluginManager:200 - loadIPPluginJar : add gfxsimulator
2020-03-02 15:27:13,253 [INFO] IPUIPlugin:65 - create IPUIPlugin
2020-03-02 15:27:13,254 [INFO] PluginManager:200 - loadIPPluginJar : add gic
2020-03-02 15:27:13,265 [INFO] IPUIPlugin:65 - create IPUIPlugin
2020-03-02 15:27:13,266 [INFO] PluginManager:200 - loadIPPluginJar : add gpio
2020-03-02 15:27:13,322 [INFO] IPUIPlugin:65 - create IPUIPlugin
2020-03-02 15:27:13,322 [INFO] PluginManager:200 - loadIPPluginJar : add gtzc
2020-03-02 15:27:13,325 [INFO] IPUIPlugin:65 - create IPUIPlugin
2020-03-02 15:27:13,326 [INFO] PluginManager:200 - loadIPPluginJar : add hash
2020-03-02 15:27:13,372 [INFO] IPUIPlugin:65 - create IPUIPlugin
2020-03-02 15:27:13,372 [INFO] PluginManager:200 - loadIPPluginJar : add i2c
2020-03-02 15:27:13,407 [INFO] IPUIPlugin:65 - create IPUIPlugin
2020-03-02 15:27:13,407 [INFO] PluginManager:200 - loadIPPluginJar : add i2s
2020-03-02 15:27:13,521 [INFO] IPUIPlugin:65 - create IPUIPlugin
2020-03-02 15:27:13,521 [INFO] PluginManager:200 - loadIPPluginJar : add ipddr
2020-03-02 15:27:13,550 [INFO] IPUIPlugin:65 - create IPUIPlugin
2020-03-02 15:27:13,551 [INFO] PluginManager:200 - loadIPPluginJar : add ltdc
2020-03-02 15:27:13,561 [INFO] IPUIPlugin:65 - create IPUIPlugin
2020-03-02 15:27:13,561 [INFO] PluginManager:200 - loadIPPluginJar : add mdma
2020-03-02 15:27:13,571 [INFO] IPUIPlugin:65 - create IPUIPlugin
2020-03-02 15:27:13,572 [INFO] PluginManager:200 - loadIPPluginJar : add nvic
2020-03-02 15:27:13,601 [INFO] IPUIPlugin:65 - create IPUIPlugin
2020-03-02 15:27:13,602 [INFO] PluginManager:200 - loadIPPluginJar : add opamp
2020-03-02 15:27:13,639 [INFO] IPUIPlugin:65 - create IPUIPlugin
2020-03-02 15:27:13,640 [INFO] PluginManager:200 - loadIPPluginJar : add pdm2pcm
2020-03-02 15:27:13,655 [INFO] IPUIPlugin:65 - create IPUIPlugin
2020-03-02 15:27:13,658 [INFO] PluginManager:200 - loadIPPluginJar : add plateformsettings
2020-03-02 15:27:13,675 [INFO] IPUIPlugin:65 - create IPUIPlugin
2020-03-02 15:27:13,676 [INFO] PluginManager:200 - loadIPPluginJar : add quadspi
2020-03-02 15:27:13,686 [INFO] IPUIPlugin:65 - create IPUIPlugin
2020-03-02 15:27:13,686 [INFO] PluginManager:200 - loadIPPluginJar : add resmgrutility
2020-03-02 15:27:13,735 [INFO] IPUIPlugin:65 - create IPUIPlugin
2020-03-02 15:27:13,735 [INFO] PluginManager:200 - loadIPPluginJar : add sai
2020-03-02 15:27:13,769 [INFO] IPUIPlugin:65 - create IPUIPlugin
2020-03-02 15:27:13,769 [INFO] PluginManager:200 - loadIPPluginJar : add spi
2020-03-02 15:27:13,797 [INFO] IPUIPlugin:65 - create IPUIPlugin
2020-03-02 15:27:13,797 [INFO] PluginManager:200 - loadIPPluginJar : add stm32_wpan
2020-03-02 15:27:13,816 [INFO] IPUIPlugin:65 - create IPUIPlugin
2020-03-02 15:27:13,816 [INFO] PluginManager:200 - loadIPPluginJar : add tim
2020-03-02 15:27:13,872 [INFO] IPUIPlugin:65 - create IPUIPlugin
2020-03-02 15:27:13,872 [INFO] PluginManager:200 - loadIPPluginJar : add touchsensing
2020-03-02 15:27:13,890 [INFO] IPUIPlugin:65 - create IPUIPlugin
2020-03-02 15:27:13,890 [INFO] PluginManager:200 - loadIPPluginJar : add tracer_emb
2020-03-02 15:27:13,892 [INFO] IPUIPlugin:65 - create IPUIPlugin
2020-03-02 15:27:13,893 [INFO] PluginManager:200 - loadIPPluginJar : add ts
2020-03-02 15:27:13,896 [INFO] IPUIPlugin:65 - create IPUIPlugin
2020-03-02 15:27:13,897 [INFO] PluginManager:200 - loadIPPluginJar : add tsc
2020-03-02 15:27:13,916 [INFO] IPUIPlugin:65 - create IPUIPlugin
2020-03-02 15:27:13,916 [INFO] PluginManager:200 - loadIPPluginJar : add ucpd
2020-03-02 15:27:13,956 [INFO] IPUIPlugin:65 - create IPUIPlugin
2020-03-02 15:27:13,956 [INFO] PluginManager:200 - loadIPPluginJar : add usart
2020-03-02 15:27:14,419 [INFO] BoardConnectionPanel:226 - [DDR PANEL] osNameString: Windows
2020-03-02 15:27:14,554 [INFO] BoardConnectionPanel:3472 - [DDR PANEL] STM32CubeIDE environment
2020-03-02 15:27:14,555 [INFO] MainDdrPanel:103 - [DDR PANEL] GETTER - cubeProgrammerPath is: null
2020-03-02 15:27:14,742 [FATAL] Updater:277 - Updater called before beeing initialized
2020-03-02 15:27:15,013 [FATAL] Updater:277 - Updater called before beeing initialized
2020-03-02 15:27:15,017 [INFO] PinOutPanel:1399 - setPackage(No Configuration,No Configuration)
2020-03-02 15:27:15,018 [FATAL] Updater:277 - Updater called before beeing initialized
2020-03-02 15:27:15,023 [INFO] BoardConnectionPanel:3472 - [DDR PANEL] STM32CubeIDE environment
2020-03-02 15:27:15,024 [INFO] MainDdrPanel:103 - [DDR PANEL] GETTER - cubeProgrammerPath is: C:\ST\STM32CubeIDE_1.2.0\STM32CubeIDE\plugins\com.st.stm32cube.ide.mcu.externaltools.cubeprogrammer.win32_1.1.0.201910081157\tools\bin
2020-03-02 15:27:15,038 [INFO] ProgrammerExecThread:148 - [ProgrammerAPI] CubeProgrammer command construction: C:\ST\STM32CubeIDE_1.2.0\STM32CubeIDE\plugins\com.st.stm32cube.ide.mcu.externaltools.cubeprogrammer.win32_1.1.0.201910081157\tools\bin\STM32_Programmer_CLI.exe -l
2020-03-02 15:27:15,409 [FATAL] Updater:277 - Updater called before beeing initialized
2020-03-02 15:27:15,409 [ERROR] IntegrityCheckThread:252 - Cannot obtain thirdParties list 21
2020-03-02 15:27:15,409 [ERROR] IntegrityCheckThread:100 - Unexpected exception IntegrityCheckThread Thread: Updater error
2020-03-02 15:27:15,410 [INFO] ThirdPartyDb:261 - Close Third Party DataBase File (C:/Users/yangz/.stm32cubemx/plugins/thirdparty/db/thirdparties_db.xml)
2020-03-02 15:27:15,642 [INFO] MainDdrPanel:93 - [DDR PANEL] SETTER - Set cubeProgrammerPath to: C:\ST\STM32CubeIDE_1.2.0\STM32CubeIDE\plugins\com.st.stm32cube.ide.mcu.externaltools.cubeprogrammer.win32_1.1.0.201910081157\tools\bin
2020-03-02 15:27:15,673 [INFO] Updater:886 - Updater Version found : 5.5.0
2020-03-02 15:27:15,694 [INFO] ApplicationProperties:181 - Using Application install path: C:\ST\STM32CubeIDE_1.2.0\STM32CubeIDE\plugins\com.st.stm32cube.common.mx_5.5.0.201912201511
2020-03-02 15:27:15,948 [INFO] MainUpdater:2230 - connection check result : 10
2020-03-02 15:27:15,949 [INFO] MainUpdater:236 - Updater Check For Update Now.
2020-03-02 15:27:15,949 [INFO] MicroXplorer:420 - Change Database Version : DB.5.0.50
2020-03-02 15:27:15,979 [INFO] CheckServerUpdateThread:92 - End of CheckServer Thread
2020-03-02 15:27:16,174 [INFO] MainUpdater:2230 - connection check result : 10
2020-03-02 15:27:16,174 [INFO] LogOutputStream:76 - [STDOUT_REDIRECT] Successfull proxy connection.
2020-03-02 15:27:16,418 [INFO] McuFinderGlobals:40 - Set McuFinder mode to 2 (CubeIDE integrated)
2020-03-02 15:27:16,436 [INFO] FinderPluginLoader:86 - Searching for filters in installed packs
2020-03-02 15:27:16,437 [INFO] DbMcusXml:107 - Load MCU database from C:\ST\STM32CubeIDE_1.2.0\STM32CubeIDE\plugins\com.st.stm32cube.common.mx_5.5.0.201912201511\\db\/mcu/families.xml
2020-03-02 15:27:17,594 [INFO] DbMcusJson:87 - JSON generation date=Wed Dec 11 05:27:49 CST 2019 (1576063669)
2020-03-02 15:27:18,439 [INFO] DbMcus:192 - Found 1628 MCUs (1588 are supported by CubeMX, 1588 are visible in CubeMX)
2020-03-02 15:27:18,440 [INFO] ApiDb:147 - User favorites file not found: C:\Users\yangz/.stm32cubeide/favorites.mcus.txt
2020-03-02 15:27:18,440 [INFO] DbMcus:203 - Set 0 / 0 favorites MCUs
2020-03-02 15:27:19,300 [INFO] DbMcusAds:130 - JSON generation date=Wed Feb 20 10:46:15 CST 2019 (1550681175)
2020-03-02 15:27:19,365 [INFO] ServerAccessManage:348 - Download File 
2020-03-02 15:27:19,470 [INFO] LoadUrlFilesThread:161 - End of LoadServerUrlFiles without Thread
2020-03-02 15:27:19,492 [INFO] McuDetailPanel:181 - Set advertising image to C:/Users/yangz/STM32Cube/Repository/\PRSTM32MP10219-01-med.jpg
2020-03-02 15:27:21,157 [INFO] ServerAccessManage:348 - Download File mcusDocs.json
2020-03-02 15:27:21,499 [INFO] DbMcusDocs:126 - JSON generation date=Wed Dec 11 05:27:49 CST 2019 (1576063669)
2020-03-02 15:27:21,511 [ERROR] ServerAccessManage:517 - User Cancel Download : mcusDocs.json.
2020-03-02 15:27:21,512 [INFO] LoadUrlFilesThread:134 - End of LoadUrlFiles Thread
2020-03-02 15:27:21,594 [INFO] DbMcusDocs:61 - Found 537 MCUs documents
2020-03-02 15:27:21,595 [INFO] ApiDb:186 - Save user favorites file C:\Users\yangz/.stm32cubeide/favorites.mcus.txt: 0 item(s)
2020-03-02 15:27:21,596 [INFO] ApiDb:191 - User favorites MCUs=[]
2020-03-02 15:27:21,596 [INFO] DbMcusXml:107 - Load MCU database from C:\ST\STM32CubeIDE_1.2.0\STM32CubeIDE\plugins\com.st.stm32cube.common.mx_5.5.0.201912201511\\db\/mcu/families.xml
2020-03-02 15:27:22,107 [INFO] DbMcusJson:87 - JSON generation date=Wed Dec 11 05:27:49 CST 2019 (1576063669)
2020-03-02 15:27:22,630 [INFO] DbMcus:192 - Found 1628 MCUs (1588 are supported by CubeMX, 1588 are visible in CubeMX)
2020-03-02 15:27:22,631 [INFO] ApiDb:158 - Load user favorites file C:\Users\yangz/.stm32cubeide/favorites.mcus.txt: 0 item(s)
2020-03-02 15:27:22,631 [INFO] ApiDb:163 - User favorites MCUs=[]
2020-03-02 15:27:22,631 [INFO] DbMcus:203 - Set 0 / 0 favorites MCUs
2020-03-02 15:27:22,746 [INFO] McuFilterPanel:282 - Update 0 favorites MCUs
2020-03-02 15:27:23,085 [INFO] DbBoardsDocs:118 - JSON generation date=Wed Dec 11 05:27:49 CST 2019 (1576063669)
2020-03-02 15:27:23,110 [INFO] DbBoardsPdsc:92 - Found 21 items
2020-03-02 15:27:23,119 [INFO] DbBoardsPdsc:92 - Found 9 items
2020-03-02 15:27:23,131 [INFO] DbBoardsPdsc:92 - Found 27 items
2020-03-02 15:27:23,138 [INFO] DbBoardsPdsc:92 - Found 1 items
2020-03-02 15:27:23,150 [INFO] DbBoardsPdsc:92 - Found 40 items
2020-03-02 15:27:23,165 [INFO] DbBoardsPdsc:92 - Found 39 items
2020-03-02 15:27:23,173 [INFO] DbBoardsPdsc:92 - Found 2 items
2020-03-02 15:27:23,181 [INFO] DbBoardsPdsc:92 - Found 4 items
2020-03-02 15:27:23,190 [WARN] DbBoardsPdsc:256 - Board STM32H7B3I-DK: unknown feature type=Audio, name=, username=Audio stereo codec with Headphone Amp (CS42L51-CNZ), n=1
2020-03-02 15:27:23,190 [WARN] DbBoardsPdsc:256 - Board STM32H7B3I-DK: unknown feature type=WIFI, name=, username=WIFI 802.11 b/g/n, n=1
2020-03-02 15:27:23,193 [WARN] DbBoardsPdsc:256 - Board STM32H7B3I-EVAL: unknown feature type=Audio, name=, username=Multi-Channel Audio Codec (CS42L51-CNZ), n=1
2020-03-02 15:27:23,193 [WARN] DbBoardsPdsc:256 - Board STM32H7B3I-EVAL: unknown feature type=Meter, name=, username=Power-metering and Temperature-monitoring with sigma-delta modulators, n=1
2020-03-02 15:27:23,193 [WARN] DbBoardsPdsc:256 - Board STM32H7B3I-EVAL: unknown feature type=WIFI, name=, username=WIFI 802.11 a/b/g/n, n=1
2020-03-02 15:27:23,194 [WARN] DbBoardsPdsc:256 - Board STM32H7B3I-EVAL: unknown feature type=Motor, name=, username=Motor Control, n=1
2020-03-02 15:27:23,195 [WARN] DbBoardsPdsc:256 - Board STEVAL-IDP005V1: unknown feature type=PWRSock, name=Power Socket, username=IO-Link 4-position M12 A-coded connector, n=1
2020-03-02 15:27:23,195 [WARN] DbBoardsPdsc:256 - Board STEVAL-IDP005V2: unknown feature type=PWRSock, name=Power Socket, username=IO-Link 4-position M12 A-coded connector, n=1
2020-03-02 15:27:23,206 [INFO] DbBoardsJson:79 - JSON generation date=Fri Dec 13 03:50:48 CST 2019 (1576230648)
2020-03-02 15:27:23,214 [INFO] DbBoards:120 - Found 143 boards (140 are supported by CubeMX)
2020-03-02 15:27:23,219 [INFO] DbBoardsDocs:118 - JSON generation date=Wed Dec 11 05:27:49 CST 2019 (1576063669)
2020-03-02 15:27:23,230 [INFO] DbBoardsDocs:57 - Found 160 boards documents
2020-03-02 15:27:23,231 [WARN] DbBoards:130 - board NUCLEO-H743ZI2 has no document id list !
2020-03-02 15:27:23,231 [WARN] DbBoards:130 - board NUCLEO-H7A3ZI-Q has no document id list !
2020-03-02 15:27:23,231 [WARN] DbBoards:130 - board NUCLEO-L4P5ZG has no document id list !
2020-03-02 15:27:23,232 [WARN] DbBoards:130 - board P-NUCLEO-WB55-Nucleo has no document id list !
2020-03-02 15:27:23,232 [WARN] DbBoards:130 - board P-NUCLEO-WB55-USBDongle has no document id list !
2020-03-02 15:27:23,232 [WARN] DbBoards:130 - board P-NUCLEO-WB55 has no document id list !
2020-03-02 15:27:23,233 [WARN] DbBoards:130 - board STM32F401C-DISCO has no document id list !
2020-03-02 15:27:23,233 [WARN] DbBoards:130 - board STM32F769I-DISC1 has no document id list !
2020-03-02 15:27:23,234 [WARN] DbBoards:130 - board STM32L-DISCOVERY has no document id list !
2020-03-02 15:27:23,234 [WARN] DbBoards:130 - board STM32H747I-DISC1 has no document id list !
2020-03-02 15:27:23,234 [WARN] DbBoards:130 - board STM32H7B3I-DK has no document id list !
2020-03-02 15:27:23,234 [WARN] DbBoards:130 - board STM32MP157A-DK1 has no document id list !
2020-03-02 15:27:23,235 [WARN] DbBoards:130 - board STM32L562E-DK has no document id list !
2020-03-02 15:27:23,235 [WARN] DbBoards:130 - board STM32L4P5G-DK has no document id list !
2020-03-02 15:27:23,235 [WARN] DbBoards:130 - board STM32100E-EVAL has no document id list !
2020-03-02 15:27:23,235 [WARN] DbBoards:130 - board STM32303C-EVAL has no document id list !
2020-03-02 15:27:23,235 [WARN] DbBoards:130 - board STM32L152D-EVAL has no document id list !
2020-03-02 15:27:23,235 [WARN] DbBoards:130 - board STM32H743I-EVAL2 has no document id list !
2020-03-02 15:27:23,235 [WARN] DbBoards:130 - board STM32H7B3I-EVAL has no document id list !
2020-03-02 15:27:23,236 [WARN] DbBoards:130 - board STM32H753I-EVAL2 has no document id list !
2020-03-02 15:27:23,236 [WARN] DbBoards:130 - board STM32G474E-EVAL1 has no document id list !
2020-03-02 15:27:23,236 [WARN] DbBoards:130 - board STM32L552E-EV has no document id list !
2020-03-02 15:27:23,236 [WARN] DbBoards:130 - board STEVAL-BFA001V1B has no document id list !
2020-03-02 15:27:23,236 [WARN] DbBoards:130 - board STEVAL-BFA001V2B has no document id list !
2020-03-02 15:27:23,237 [WARN] DbBoards:130 - board STEVAL-MKSBOX1V1 has no document id list !
2020-03-02 15:27:23,237 [WARN] DbBoards:130 - board STEVAL-STWINKT1 has no document id list !
2020-03-02 15:27:23,237 [WARN] DbBoards:130 - board STEVAL-IDP005V1 has no document id list !
2020-03-02 15:27:23,237 [WARN] DbBoards:130 - board STEVAL-IDP005V2 has no document id list !
2020-03-02 15:27:24,264 [INFO] ApiDb:147 - User favorites file not found: C:\Users\yangz/.stm32cubeide/favorites.boards.txt
2020-03-02 15:27:24,264 [INFO] DbBoards:209 - Set 0 / 0 favorites Boards
2020-03-02 15:27:24,270 [INFO] DbBoardsDocs:57 - Found 320 boards documents
2020-03-02 15:27:24,271 [INFO] ApiDb:186 - Save user favorites file C:\Users\yangz/.stm32cubeide/favorites.boards.txt: 0 item(s)
2020-03-02 15:27:24,271 [INFO] ApiDb:191 - User favorites Boards=[]
2020-03-02 15:27:24,274 [INFO] DbBoardsPdsc:92 - Found 21 items
2020-03-02 15:27:24,276 [INFO] DbBoardsPdsc:92 - Found 9 items
2020-03-02 15:27:24,279 [INFO] DbBoardsPdsc:92 - Found 27 items
2020-03-02 15:27:24,280 [INFO] DbBoardsPdsc:92 - Found 1 items
2020-03-02 15:27:24,284 [INFO] DbBoardsPdsc:92 - Found 40 items
2020-03-02 15:27:24,290 [INFO] DbBoardsPdsc:92 - Found 39 items
2020-03-02 15:27:24,292 [INFO] DbBoardsPdsc:92 - Found 2 items
2020-03-02 15:27:24,294 [INFO] DbBoardsPdsc:92 - Found 4 items
2020-03-02 15:27:24,297 [WARN] DbBoardsPdsc:256 - Board STM32H7B3I-DK: unknown feature type=Audio, name=, username=Audio stereo codec with Headphone Amp (CS42L51-CNZ), n=1
2020-03-02 15:27:24,297 [WARN] DbBoardsPdsc:256 - Board STM32H7B3I-DK: unknown feature type=WIFI, name=, username=WIFI 802.11 b/g/n, n=1
2020-03-02 15:27:24,299 [WARN] DbBoardsPdsc:256 - Board STM32H7B3I-EVAL: unknown feature type=Audio, name=, username=Multi-Channel Audio Codec (CS42L51-CNZ), n=1
2020-03-02 15:27:24,299 [WARN] DbBoardsPdsc:256 - Board STM32H7B3I-EVAL: unknown feature type=Meter, name=, username=Power-metering and Temperature-monitoring with sigma-delta modulators, n=1
2020-03-02 15:27:24,299 [WARN] DbBoardsPdsc:256 - Board STM32H7B3I-EVAL: unknown feature type=WIFI, name=, username=WIFI 802.11 a/b/g/n, n=1
2020-03-02 15:27:24,299 [WARN] DbBoardsPdsc:256 - Board STM32H7B3I-EVAL: unknown feature type=Motor, name=, username=Motor Control, n=1
2020-03-02 15:27:24,300 [WARN] DbBoardsPdsc:256 - Board STEVAL-IDP005V1: unknown feature type=PWRSock, name=Power Socket, username=IO-Link 4-position M12 A-coded connector, n=1
2020-03-02 15:27:24,300 [WARN] DbBoardsPdsc:256 - Board STEVAL-IDP005V2: unknown feature type=PWRSock, name=Power Socket, username=IO-Link 4-position M12 A-coded connector, n=1
2020-03-02 15:27:24,308 [INFO] DbBoardsJson:79 - JSON generation date=Fri Dec 13 03:50:48 CST 2019 (1576230648)
2020-03-02 15:27:24,312 [INFO] DbBoards:120 - Found 143 boards (140 are supported by CubeMX)
2020-03-02 15:27:24,313 [WARN] DbBoards:130 - board NUCLEO-H743ZI2 has no document id list !
2020-03-02 15:27:24,313 [WARN] DbBoards:130 - board NUCLEO-H7A3ZI-Q has no document id list !
2020-03-02 15:27:24,313 [WARN] DbBoards:130 - board NUCLEO-L4P5ZG has no document id list !
2020-03-02 15:27:24,314 [WARN] DbBoards:130 - board P-NUCLEO-WB55-Nucleo has no document id list !
2020-03-02 15:27:24,314 [WARN] DbBoards:130 - board P-NUCLEO-WB55-USBDongle has no document id list !
2020-03-02 15:27:24,314 [WARN] DbBoards:130 - board P-NUCLEO-WB55 has no document id list !
2020-03-02 15:27:24,314 [WARN] DbBoards:130 - board STM32F401C-DISCO has no document id list !
2020-03-02 15:27:24,315 [WARN] DbBoards:130 - board STM32F769I-DISC1 has no document id list !
2020-03-02 15:27:24,315 [WARN] DbBoards:130 - board STM32L-DISCOVERY has no document id list !
2020-03-02 15:27:24,315 [WARN] DbBoards:130 - board STM32H747I-DISC1 has no document id list !
2020-03-02 15:27:24,316 [WARN] DbBoards:130 - board STM32H7B3I-DK has no document id list !
2020-03-02 15:27:24,316 [WARN] DbBoards:130 - board STM32MP157A-DK1 has no document id list !
2020-03-02 15:27:24,316 [WARN] DbBoards:130 - board STM32L562E-DK has no document id list !
2020-03-02 15:27:24,316 [WARN] DbBoards:130 - board STM32L4P5G-DK has no document id list !
2020-03-02 15:27:24,316 [WARN] DbBoards:130 - board STM32100E-EVAL has no document id list !
2020-03-02 15:27:24,316 [WARN] DbBoards:130 - board STM32303C-EVAL has no document id list !
2020-03-02 15:27:24,316 [WARN] DbBoards:130 - board STM32L152D-EVAL has no document id list !
2020-03-02 15:27:24,317 [WARN] DbBoards:130 - board STM32H743I-EVAL2 has no document id list !
2020-03-02 15:27:24,317 [WARN] DbBoards:130 - board STM32H7B3I-EVAL has no document id list !
2020-03-02 15:27:24,317 [WARN] DbBoards:130 - board STM32H753I-EVAL2 has no document id list !
2020-03-02 15:27:24,317 [WARN] DbBoards:130 - board STM32G474E-EVAL1 has no document id list !
2020-03-02 15:27:24,317 [WARN] DbBoards:130 - board STM32L552E-EV has no document id list !
2020-03-02 15:27:24,317 [WARN] DbBoards:130 - board STEVAL-BFA001V1B has no document id list !
2020-03-02 15:27:24,317 [WARN] DbBoards:130 - board STEVAL-BFA001V2B has no document id list !
2020-03-02 15:27:24,317 [WARN] DbBoards:130 - board STEVAL-MKSBOX1V1 has no document id list !
2020-03-02 15:27:24,317 [WARN] DbBoards:130 - board STEVAL-STWINKT1 has no document id list !
2020-03-02 15:27:24,317 [WARN] DbBoards:130 - board STEVAL-IDP005V1 has no document id list !
2020-03-02 15:27:24,318 [WARN] DbBoards:130 - board STEVAL-IDP005V2 has no document id list !
2020-03-02 15:27:24,952 [INFO] ApiDb:158 - Load user favorites file C:\Users\yangz/.stm32cubeide/favorites.boards.txt: 0 item(s)
2020-03-02 15:27:24,952 [INFO] ApiDb:163 - User favorites Boards=[]
2020-03-02 15:27:24,953 [INFO] DbBoards:209 - Set 0 / 0 favorites Boards
2020-03-02 15:27:25,094 [INFO] LoadUrlFilesThread:161 - End of LoadServerUrlFiles without Thread
2020-03-02 15:27:25,100 [INFO] McuFilterPanel:282 - Update 0 favorites MCUs
2020-03-02 15:27:25,291 [INFO] LoadUrlFilesThread:161 - End of LoadServerUrlFiles without Thread
2020-03-02 15:27:25,291 [INFO] BoardDetailPanel:179 - Set advertising image to C:/Users/yangz/STM32Cube/Repository/\PRSTM32MP10219-01-med.jpg
2020-03-02 15:27:25,312 [INFO] BoardFilterPanel:211 - Update 0 favorites Boards
2020-03-02 15:27:25,416 [INFO] CrossSelectorPresenter:1319 - Cross Selector saved comparison directory: C:\Users\yangz\.stmcufinder\plugins\mcufinder\mcu\cs_comparisons_mx
2020-03-02 15:45:41,225 [INFO] MainUpdater:2230 - connection check result : 10
2020-03-02 15:45:41,278 [INFO] MicroXplorer:390 - Change Database Path : 
2020-03-02 15:45:41,279 [INFO] MicroXplorer:420 - Change Database Version : DB.5.0.50
2020-03-02 15:45:41,280 [INFO] PinOutPanel:1399 - setPackage(No Configuration,No Configuration)
2020-03-02 15:45:41,281 [INFO] UtilMem:74 - Begin LoadConfig() Used Memory: 522474600 Bytes (743440384)
2020-03-02 15:45:41,283 [INFO] MicroXplorer:390 - Change Database Path : 
2020-03-02 15:45:41,283 [INFO] MicroXplorer:420 - Change Database Version : DB.5.0.50
2020-03-02 15:45:41,283 [INFO] OpenFileManager:274 - Change cursor
2020-03-02 15:45:43,790 [INFO] ImportTextPane:162 - (OptionalMessage_ERROR) IP (RCC) : Parameter (RTCHSEDivFreq_Value) has invalid value (4000000)
2020-03-02 15:45:44,027 [INFO] UtilMem:74 - End LoadConfig() Used Memory: 386661600 Bytes (743440384)
2020-03-02 15:45:44,049 [INFO] ThirdPartyDb:295 - Open Third Party DataBase File (C:/Users/yangz/.stm32cubemx/plugins/thirdparty/db/thirdparties_db.xml) : 4 ms. number of Sw pack : 11
2020-03-02 15:45:44,103 [INFO] ThirdParty:899 - CMSIS Pack Vendor :STMicroelectronics X-CUBE-BLE1 5.0.0
2020-03-02 15:45:44,103 [INFO] ThirdParty:899 - CMSIS Pack Vendor :STMicroelectronics X-CUBE-SUBG2 1.1.0
2020-03-02 15:45:44,103 [INFO] ThirdParty:899 - CMSIS Pack Vendor :STMicroelectronics X-CUBE-GNSS1 4.1.0
2020-03-02 15:45:44,103 [INFO] ThirdParty:899 - CMSIS Pack Vendor :STMicroelectronics X-CUBE-MEMS1 7.0.0
2020-03-02 15:45:44,103 [INFO] ThirdParty:899 - CMSIS Pack Vendor :ARM CMSIS 5.6.0
2020-03-02 15:45:44,103 [INFO] ThirdParty:899 - CMSIS Pack Vendor :STMicroelectronics X-CUBE-TOUCHGFX 4.13.0
2020-03-02 15:45:44,103 [INFO] ThirdParty:899 - CMSIS Pack Vendor :STMicroelectronics X-CUBE-NFC4 1.5.2
2020-03-02 15:45:44,103 [INFO] ThirdParty:899 - CMSIS Pack Vendor :STMicroelectronics FreeRTOS 0.0.1
2020-03-02 15:45:44,103 [INFO] ThirdParty:899 - CMSIS Pack Vendor :STMicroelectronics X-CUBE-ALGOBUILD 1.0.0
2020-03-02 15:45:44,103 [INFO] ThirdParty:899 - CMSIS Pack Vendor :STMicroelectronics X-CUBE-AI 5.0.0
2020-03-02 15:45:44,103 [INFO] ThirdParty:899 - CMSIS Pack Vendor :STMicroelectronics X-CUBE-BLE2 1.0.0
2020-03-02 15:45:44,377 [INFO] PinOutPanel:1399 - setPackage(No Configuration,No Configuration)
2020-03-02 15:45:44,379 [INFO] PinOutPanel:1399 - setPackage(STM32F407VGTx,LQFP100)
2020-03-02 15:45:44,765 [INFO] UtilMem:74 - Before build in PCC Used Memory: 489717840 Bytes (743440384)
2020-03-02 15:45:45,089 [INFO] SharedServices:71 - Folder for power plug-in: C:/Users/yangz/.stm32cubemx/plugins/power
2020-03-02 15:45:45,089 [INFO] UtilMem:74 - After build in PCC Used Memory: 504397904 Bytes (743440384)
2020-03-02 15:45:45,112 [INFO] IPUIPlugin:65 - create IPUIPlugin
2020-03-02 15:45:45,112 [INFO] IPUIPlugin:65 - create IPUIPlugin
2020-03-02 15:45:45,112 [INFO] IPUIPlugin:65 - create IPUIPlugin
2020-03-02 15:45:45,112 [INFO] IPUIPlugin:65 - create IPUIPlugin
2020-03-02 15:45:45,112 [INFO] IPUIPlugin:65 - create IPUIPlugin
2020-03-02 15:45:45,112 [INFO] IPUIPlugin:65 - create IPUIPlugin
2020-03-02 15:45:45,113 [INFO] IPUIPlugin:65 - create IPUIPlugin
2020-03-02 15:45:45,113 [INFO] IPUIPlugin:65 - create IPUIPlugin
2020-03-02 15:45:45,113 [INFO] IPUIPlugin:65 - create IPUIPlugin
2020-03-02 15:45:45,113 [INFO] IPUIPlugin:65 - create IPUIPlugin
2020-03-02 15:45:45,113 [INFO] IPUIPlugin:65 - create IPUIPlugin
2020-03-02 15:45:45,113 [INFO] IPUIPlugin:65 - create IPUIPlugin
2020-03-02 15:45:45,113 [INFO] IPUIPlugin:65 - create IPUIPlugin
2020-03-02 15:45:45,114 [INFO] IPUIPlugin:65 - create IPUIPlugin
2020-03-02 15:45:45,114 [INFO] IPUIPlugin:65 - create IPUIPlugin
2020-03-02 15:45:45,114 [INFO] IPUIPlugin:65 - create IPUIPlugin
2020-03-02 15:45:45,114 [INFO] IPUIPlugin:65 - create IPUIPlugin
2020-03-02 15:45:45,114 [INFO] IPUIPlugin:65 - create IPUIPlugin
2020-03-02 15:45:45,114 [INFO] IPUIPlugin:65 - create IPUIPlugin
2020-03-02 15:45:45,114 [INFO] IPUIPlugin:65 - create IPUIPlugin
2020-03-02 15:45:45,115 [INFO] IPUIPlugin:65 - create IPUIPlugin
2020-03-02 15:45:45,115 [INFO] IPUIPlugin:65 - create IPUIPlugin
2020-03-02 15:45:45,115 [INFO] IPUIPlugin:65 - create IPUIPlugin
2020-03-02 15:45:45,115 [INFO] IPUIPlugin:65 - create IPUIPlugin
2020-03-02 15:45:45,115 [INFO] IPUIPlugin:65 - create IPUIPlugin
2020-03-02 15:45:45,116 [INFO] IPUIPlugin:65 - create IPUIPlugin
2020-03-02 15:45:45,116 [INFO] IPUIPlugin:65 - create IPUIPlugin
2020-03-02 15:45:45,116 [INFO] IPUIPlugin:65 - create IPUIPlugin
2020-03-02 15:45:45,116 [INFO] IPUIPlugin:65 - create IPUIPlugin
2020-03-02 15:45:45,116 [INFO] IPUIPlugin:65 - create IPUIPlugin
2020-03-02 15:45:45,116 [INFO] IPUIPlugin:65 - create IPUIPlugin
2020-03-02 15:45:45,117 [INFO] IPUIPlugin:65 - create IPUIPlugin
2020-03-02 15:45:45,117 [INFO] IPUIPlugin:65 - create IPUIPlugin
2020-03-02 15:45:45,117 [INFO] IPUIPlugin:65 - create IPUIPlugin
2020-03-02 15:45:45,117 [INFO] IPUIPlugin:65 - create IPUIPlugin
2020-03-02 15:45:45,117 [INFO] IPUIPlugin:65 - create IPUIPlugin
2020-03-02 15:45:45,117 [INFO] IPUIPlugin:65 - create IPUIPlugin
2020-03-02 15:45:45,117 [INFO] IPUIPlugin:65 - create IPUIPlugin
2020-03-02 15:45:45,118 [INFO] IPUIPlugin:65 - create IPUIPlugin
2020-03-02 15:45:45,118 [INFO] IPUIPlugin:65 - create IPUIPlugin
2020-03-02 15:45:45,118 [INFO] IPUIPlugin:65 - create IPUIPlugin
2020-03-02 15:45:45,118 [INFO] IPUIPlugin:65 - create IPUIPlugin
2020-03-02 15:45:45,118 [INFO] IPUIPlugin:65 - create IPUIPlugin
2020-03-02 15:45:45,118 [INFO] IPUIPlugin:65 - create IPUIPlugin
2020-03-02 15:45:45,119 [INFO] IPUIPlugin:65 - create IPUIPlugin
2020-03-02 15:45:45,119 [INFO] IPUIPlugin:65 - create IPUIPlugin
2020-03-02 15:45:45,119 [INFO] IPUIPlugin:65 - create IPUIPlugin
2020-03-02 15:45:45,119 [INFO] IPUIPlugin:65 - create IPUIPlugin
2020-03-02 15:45:45,119 [INFO] IPUIPlugin:65 - create IPUIPlugin
2020-03-02 15:45:45,119 [INFO] IPUIPlugin:65 - create IPUIPlugin
2020-03-02 15:45:45,120 [INFO] IPUIPlugin:65 - create IPUIPlugin
2020-03-02 15:45:45,120 [INFO] IPUIPlugin:65 - create IPUIPlugin
2020-03-02 15:45:45,120 [INFO] IPUIPlugin:65 - create IPUIPlugin
2020-03-02 15:45:45,120 [INFO] IPUIPlugin:65 - create IPUIPlugin
2020-03-02 15:45:45,121 [INFO] IPUIPlugin:65 - create IPUIPlugin
2020-03-02 15:45:45,121 [INFO] IPUIPlugin:65 - create IPUIPlugin
2020-03-02 15:45:45,121 [INFO] IPUIPlugin:65 - create IPUIPlugin
2020-03-02 15:45:45,122 [INFO] IPUIPlugin:65 - create IPUIPlugin
2020-03-02 15:45:45,131 [WARN] IP:1931 - I2C_Coeff_DF not found: check if there is a RefParameter without a condition.
2020-03-02 15:45:45,131 [WARN] IP:1931 - Analog_Filter not found: check if there is a RefParameter without a condition.
2020-03-02 15:45:45,144 [INFO] I2sManager:616 - 9.6E7
2020-03-02 15:45:45,144 [INFO] I2sManager:173 - I2S Clock Value : 9.6E7
2020-03-02 15:45:45,145 [INFO] I2sManager:510 - AudioClock : 93750Divider : 2Odd : 0
2020-03-02 15:45:45,166 [INFO] LogOutputStream:76 - [STDOUT_REDIRECT] toolchainItems.length=====1
2020-03-02 15:45:45,260 [INFO] OpenFileManager:294 - Restore cursor
2020-03-02 15:45:45,309 [WARN] IP:1931 - I2C_Coeff_DF not found: check if there is a RefParameter without a condition.
2020-03-02 15:45:45,309 [WARN] IP:1931 - Analog_Filter not found: check if there is a RefParameter without a condition.
2020-03-02 15:45:45,310 [WARN] IP:1931 - I2C_Coeff_DF not found: check if there is a RefParameter without a condition.
2020-03-02 15:45:45,310 [WARN] IP:1931 - Analog_Filter not found: check if there is a RefParameter without a condition.
2020-03-02 15:45:45,407 [INFO] ApiDbMcu:445 - Load IP Config File for USB_HOST
2020-03-02 15:58:35,396 [WARN] IP:1931 - I2C_Coeff_DF not found: check if there is a RefParameter without a condition.
2020-03-02 15:58:35,397 [WARN] IP:1931 - Analog_Filter not found: check if there is a RefParameter without a condition.
2020-03-02 15:58:35,397 [WARN] IP:1931 - I2C_Coeff_DF not found: check if there is a RefParameter without a condition.
2020-03-02 15:58:35,397 [WARN] IP:1931 - Analog_Filter not found: check if there is a RefParameter without a condition.
2020-03-02 15:58:55,715 [WARN] IP:1931 - I2C_Coeff_DF not found: check if there is a RefParameter without a condition.
2020-03-02 15:58:55,716 [WARN] IP:1931 - Analog_Filter not found: check if there is a RefParameter without a condition.
2020-03-02 15:58:55,716 [WARN] IP:1931 - I2C_Coeff_DF not found: check if there is a RefParameter without a condition.
2020-03-02 15:58:55,716 [WARN] IP:1931 - Analog_Filter not found: check if there is a RefParameter without a condition.
2020-03-02 15:59:05,832 [INFO] UtilMem:74 - End SaveConfig() Used Memory: 539323984 Bytes (743440384)
2020-03-02 15:59:07,445 [INFO] UtilMem:74 - End SaveConfig() Used Memory: 548761168 Bytes (743440384)
2020-03-02 15:59:07,821 [INFO] ServerAccessManage:348 - Download File stm32cube_fw_f4_v1240.zip
2020-03-02 15:59:30,740 [INFO] FileExtend:225 - Unzip File : stm32cube_fw_f4_v1240.zip
2020-03-02 15:59:30,742 [INFO] FileExtend:240 - Standard Zip Deflate
2020-03-02 16:06:30,204 [INFO] ServerAccessManage:348 - Download File stm32cube_fw_f4_v1242.zip
2020-03-02 16:06:33,425 [INFO] FileExtend:225 - Unzip File : stm32cube_fw_f4_v1242.zip
2020-03-02 16:06:33,428 [INFO] FileExtend:240 - Standard Zip Deflate
2020-03-02 16:06:39,547 [INFO] LoadServerPackagesThread:160 - End of LoadServerPackages Thread
2020-03-02 16:06:39,827 [INFO] CheckServerUpdateThread:92 - End of CheckServer Thread
2020-03-02 16:06:39,837 [INFO] UtilMem:74 - End SaveConfig() Used Memory: 499811288 Bytes (1073741824)
2020-03-02 16:06:40,835 [INFO] BlockDiagram:2751 - set Specific Code input for plugin: SPI
2020-03-02 16:06:40,836 [INFO] BlockDiagram:2751 - set Specific Code input for plugin: I2S
2020-03-02 16:06:40,836 [INFO] BlockDiagram:2751 - set Specific Code input for plugin: SYS
2020-03-02 16:06:40,836 [INFO] BlockDiagram:2751 - set Specific Code input for plugin: RCC
2020-03-02 16:06:40,836 [INFO] BlockDiagram:2751 - set Specific Code input for plugin: I2C
2020-03-02 16:06:40,836 [INFO] BlockDiagram:2751 - set Specific Code input for plugin: USB_OTG_FS
2020-03-02 16:06:40,836 [INFO] BlockDiagram:2751 - set Specific Code input for plugin: NVIC
2020-03-02 16:06:40,836 [INFO] BlockDiagram:2751 - set Specific Code input for plugin: USB_HOST
2020-03-02 16:06:40,837 [INFO] BlockDiagram:2751 - set Specific Code input for plugin: GPIO
2020-03-02 16:06:40,838 [INFO] CodeGenerator:601 - code generatio: config db path: C:\ST\STM32CubeIDE_1.2.0\STM32CubeIDE\plugins\com.st.stm32cube.common.mx_5.5.0.201912201511\\db\
2020-03-02 16:06:40,856 [WARN] IP:1931 - I2C_Coeff_DF not found: check if there is a RefParameter without a condition.
2020-03-02 16:06:40,856 [WARN] IP:1931 - Analog_Filter not found: check if there is a RefParameter without a condition.
2020-03-02 16:06:42,149 [INFO] CodeEngine:193 - oldGeneratedFile, C:\Users\yangz\Downloads\New folder\embedded\lab1\MXTmpFiles\license.tmp_save
2020-03-02 16:06:43,252 [INFO] CodeEngine:211 - Generated code: C:\Users\yangz\Downloads\New folder\embedded\lab1\MXTmpFiles\license.tmp
2020-03-02 16:06:43,870 [INFO] CodeEngine:193 - oldGeneratedFile, C:\Users\yangz\Downloads\New folder\embedded\lab1\MXTmpFiles\gpio.tmp_save
2020-03-02 16:06:44,663 [INFO] CodeEngine:211 - Generated code: C:\Users\yangz\Downloads\New folder\embedded\lab1\MXTmpFiles\gpio.tmp
2020-03-02 16:06:44,669 [INFO] LogOutputStream:76 - [STDOUT_REDIRECT] Command line test
2020-03-02 16:06:45,261 [INFO] CodeEngine:193 - oldGeneratedFile, C:\Users\yangz\Downloads\New folder\embedded\lab1\MXTmpFiles\usb_otg_fs_vars.tmp_save
2020-03-02 16:06:45,719 [INFO] CodeEngine:211 - Generated code: C:\Users\yangz\Downloads\New folder\embedded\lab1\MXTmpFiles\usb_otg_fs_vars.tmp
2020-03-02 16:06:45,854 [INFO] CodeEngine:193 - oldGeneratedFile, C:\Users\yangz\Downloads\New folder\embedded\lab1\MXTmpFiles\usb_otg_fs_inc.tmp_save
2020-03-02 16:06:46,315 [INFO] CodeEngine:211 - Generated code: C:\Users\yangz\Downloads\New folder\embedded\lab1\MXTmpFiles\usb_otg_fs_inc.tmp
2020-03-02 16:06:46,511 [INFO] CodeEngine:193 - oldGeneratedFile, C:\Users\yangz\Downloads\New folder\embedded\lab1\MXTmpFiles\usb_otg_fs_HalInit.tmp_save
2020-03-02 16:06:47,037 [INFO] CodeEngine:211 - Generated code: C:\Users\yangz\Downloads\New folder\embedded\lab1\MXTmpFiles\usb_otg_fs_HalInit.tmp
2020-03-02 16:06:47,133 [INFO] CodeEngine:193 - oldGeneratedFile, C:\Users\yangz\Downloads\New folder\embedded\lab1\MXTmpFiles\usb_otg_fs_Msp.tmp_save
2020-03-02 16:06:47,574 [INFO] CodeEngine:211 - Generated code: C:\Users\yangz\Downloads\New folder\embedded\lab1\MXTmpFiles\usb_otg_fs_Msp.tmp
2020-03-02 16:06:49,105 [INFO] LogOutputStream:76 - [STDOUT_REDIRECT] Command line
2020-03-02 16:06:49,105 [INFO] LogOutputStream:76 - [STDOUT_REDIRECT] Debug : prepare data for I2C
2020-03-02 16:06:49,107 [INFO] LogOutputStream:76 - [STDOUT_REDIRECT] Command line test
2020-03-02 16:06:49,109 [INFO] LogOutputStream:76 - [STDOUT_REDIRECT] Command line
2020-03-02 16:06:49,110 [INFO] LogOutputStream:76 - [STDOUT_REDIRECT] Debug : prepare data for I2S
2020-03-02 16:06:49,110 [INFO] LogOutputStream:76 - [STDOUT_REDIRECT] Command line test
2020-03-02 16:06:49,112 [INFO] LogOutputStream:76 - [STDOUT_REDIRECT] Command line
2020-03-02 16:06:49,113 [INFO] LogOutputStream:76 - [STDOUT_REDIRECT] Debug : prepare data for SPI
2020-03-02 16:06:49,114 [INFO] LogOutputStream:76 - [STDOUT_REDIRECT] Command line test
2020-03-02 16:06:49,115 [INFO] LogOutputStream:76 - [STDOUT_REDIRECT] Command line
2020-03-02 16:06:49,635 [INFO] CodeEngine:193 - oldGeneratedFile, C:\Users\yangz\Downloads\New folder\embedded\lab1\USB_HOST\App\usb_host.c_save
2020-03-02 16:06:50,251 [INFO] CodeEngine:211 - Generated code: C:\Users\yangz\Downloads\New folder\embedded\lab1\USB_HOST\App\usb_host.c
2020-03-02 16:06:50,316 [INFO] CodeEngine:193 - oldGeneratedFile, C:\Users\yangz\Downloads\New folder\embedded\lab1\USB_HOST\App\usb_host.h_save
2020-03-02 16:06:50,848 [INFO] CodeEngine:211 - Generated code: C:\Users\yangz\Downloads\New folder\embedded\lab1\USB_HOST\App\usb_host.h
2020-03-02 16:06:51,262 [INFO] CodeEngine:193 - oldGeneratedFile, C:\Users\yangz\Downloads\New folder\embedded\lab1\USB_HOST\Target\usbh_conf.h_save
2020-03-02 16:06:52,171 [INFO] CodeEngine:211 - Generated code: C:\Users\yangz\Downloads\New folder\embedded\lab1\USB_HOST\Target\usbh_conf.h
2020-03-02 16:06:52,653 [INFO] CodeEngine:193 - oldGeneratedFile, C:\Users\yangz\Downloads\New folder\embedded\lab1\USB_HOST\Target\usbh_conf.c_save
2020-03-02 16:06:53,631 [INFO] CodeEngine:211 - Generated code: C:\Users\yangz\Downloads\New folder\embedded\lab1\USB_HOST\Target\usbh_conf.c
2020-03-02 16:06:53,900 [INFO] CodeEngine:193 - oldGeneratedFile, C:\Users\yangz\Downloads\New folder\embedded\lab1\USB_HOST\Target\usbh_platform.c_save
2020-03-02 16:06:54,659 [INFO] CodeEngine:211 - Generated code: C:\Users\yangz\Downloads\New folder\embedded\lab1\USB_HOST\Target\usbh_platform.c
2020-03-02 16:06:54,916 [INFO] CodeEngine:193 - oldGeneratedFile, C:\Users\yangz\Downloads\New folder\embedded\lab1\USB_HOST\Target\usbh_platform.h_save
2020-03-02 16:06:55,544 [INFO] CodeEngine:211 - Generated code: C:\Users\yangz\Downloads\New folder\embedded\lab1\USB_HOST\Target\usbh_platform.h
2020-03-02 16:06:55,548 [INFO] LogOutputStream:76 - [STDOUT_REDIRECT] Debug : prepare data for NVIC
2020-03-02 16:06:55,549 [INFO] LogOutputStream:76 - [STDOUT_REDIRECT] Command line test
2020-03-02 16:06:56,042 [INFO] CodeEngine:193 - oldGeneratedFile, C:\Users\yangz\Downloads\New folder\embedded\lab1\Core\Src\stm32f4xx_it.c_save
2020-03-02 16:06:57,044 [INFO] CodeEngine:211 - Generated code: C:\Users\yangz\Downloads\New folder\embedded\lab1\Core\Src\stm32f4xx_it.c
2020-03-02 16:06:57,418 [INFO] CodeEngine:193 - oldGeneratedFile, C:\Users\yangz\Downloads\New folder\embedded\lab1\Core\Inc\stm32f4xx_it.h_save
2020-03-02 16:06:58,319 [INFO] CodeEngine:211 - Generated code: C:\Users\yangz\Downloads\New folder\embedded\lab1\Core\Inc\stm32f4xx_it.h
2020-03-02 16:06:58,707 [INFO] CodeEngine:193 - oldGeneratedFile, C:\Users\yangz\Downloads\New folder\embedded\lab1\Core\Src\stm32f4xx_hal_msp.c_save
2020-03-02 16:06:59,846 [INFO] CodeEngine:211 - Generated code: C:\Users\yangz\Downloads\New folder\embedded\lab1\Core\Src\stm32f4xx_hal_msp.c
2020-03-02 16:07:00,198 [INFO] CodeEngine:193 - oldGeneratedFile, C:\Users\yangz\Downloads\New folder\embedded\lab1\MXTmpFiles\system.tmp_save
2020-03-02 16:07:00,616 [INFO] CodeEngine:211 - Generated code: C:\Users\yangz\Downloads\New folder\embedded\lab1\MXTmpFiles\system.tmp
2020-03-02 16:07:01,100 [INFO] CodeEngine:193 - oldGeneratedFile, C:\Users\yangz\Downloads\New folder\embedded\lab1\Core\Inc\stm32f4xx_hal_conf.h_save
2020-03-02 16:07:02,058 [INFO] CodeEngine:211 - Generated code: C:\Users\yangz\Downloads\New folder\embedded\lab1\Core\Inc\stm32f4xx_hal_conf.h
2020-03-02 16:07:02,089 [WARN] IPConfigManager:2706 - IP not found : gpio
2020-03-02 16:07:02,124 [WARN] CodeGenerator:2776 - IP not found : gpio
2020-03-02 16:07:02,600 [INFO] CodeEngine:193 - oldGeneratedFile, C:\Users\yangz\Downloads\New folder\embedded\lab1\Core\Inc\main.h_save
2020-03-02 16:07:03,341 [INFO] CodeEngine:211 - Generated code: C:\Users\yangz\Downloads\New folder\embedded\lab1\Core\Inc\main.h
2020-03-02 16:07:03,649 [INFO] CodeEngine:193 - oldGeneratedFile, C:\Users\yangz\Downloads\New folder\embedded\lab1\Core\Src\main.c_save
2020-03-02 16:07:05,307 [INFO] CodeEngine:211 - Generated code: C:\Users\yangz\Downloads\New folder\embedded\lab1\Core\Src\main.c
2020-03-02 16:07:13,618 [INFO] ProjectBuilder:1843 - Time for Copy HAL[1] : 7180mS.
2020-03-02 16:07:13,626 [INFO] ProjectBuilder:2428 - Project Generator version: 3.6.0
2020-03-02 16:07:14,081 [INFO] ConfigFileManager:1043 - The Die is : DIE413
2020-03-02 16:07:45,819 [INFO] ProjectBuilder:2595 - Time for Generating toolchain IDE Files: 32193mS.
2020-03-02 16:07:45,820 [INFO] ProjectBuilder:1703 - Time for Copy CMSIS : 1mS.
2020-03-02 16:07:45,855 [INFO] ProjectBuilder:1703 - Time for Copy CMSIS : 0mS.
